<?xml version="1.0" encoding="UTF-8"?><testsuite errors="1" failures="0" name="MaxTime" skipped="0" tests="1" time="1.24" timestamp="2024-04-25 02:20:21"><testcase name="Fill the working day in maximum time"><error message="Could not instantiate class org.openqa.selenium.chrome.ChromeDriver" type="net.thucydides.core.webdriver.DriverConfigurationError">Could not instantiate class org.openqa.selenium.chrome.ChromeDriver</error><system-err>Could not instantiate class org.openqa.selenium.chrome.ChromeDriver&#13;
org.protectobase.tasks.OpenUp.performAs(OpenUp.java:18)&#13;
org.proyectobase.stepdefinitions.MaxTimeStepDefinitions.setStage(MaxTimeStepDefinitions.java:15)&#13;
cucumber.runner.UnskipableStep.executeStep(UnskipableStep.java:22)&#13;
cucumber.runner.Runner.runPickle(Runner.java:80)&#13;
worker.org.gradle.process.internal.worker.GradleWorkerMain.run(GradleWorkerMain.java:69)&#13;
worker.org.gradle.process.internal.worker.GradleWorkerMain.main(GradleWorkerMain.java:74)&#13;
</system-err></testcase></testsuite>